<?xml version="1.0" encoding="UTF-8"?>
<testsuite name="TestSuite" time="1.439" tests="6" errors="0" skipped="2" failures="0">
  <properties>
[...]
</properties>
  <testcase name="logintest" classname="com.w2a.testcases.LoginClass" time="0.248"/>
  <testcase name="addcustomertest" classname="com.w2a.testcases.AddCustomerTest" time="1.191"/>
  <testcase name="addcustomertest" classname="com.w2a.testcases.AddCustomerTest" time="0">
    <skipped/>
  </testcase>
  <testcase name="addcustomertest" classname="com.w2a.testcases.AddCustomerTest" time="0.433"/>
  <testcase name="openaccounttest" classname="com.w2a.testcases.OpenAccount" time="0">
    <skipped/>
    <system-out><![CDATA[sheetname = OpenAccountTest
rows=3
]]></system-out>
  </testcase>
  <testcase name="openaccounttest" classname="com.w2a.testcases.OpenAccount" time="1.157"/>
</testsuite>