<?xml version="1.0" encoding="UTF-8"?>
<!-- Generated by org.testng.reporters.JUnitXMLReporter -->
<testsuite ignored="0" hostname="ashudeep-VivoBook-ASUSLaptop-X412DA-X412DA" failures="0" tests="3" name="testaddcustomer" time="1.766" errors="0" timestamp="2020-05-11T22:55:33 IST">
  <testcase classname="com.w2a.testcases.AddCustomerTest" name="addcustomertest" time="0.932"/>
  <testcase classname="com.w2a.testcases.AddCustomerTest" name="addcustomertest" time="0.048">
    <skipped/>
  </testcase> <!-- addcustomertest -->
  <testcase classname="com.w2a.testcases.AddCustomerTest" name="addcustomertest" time="0.556"/>
</testsuite> <!-- testaddcustomer -->
