<?xml version="1.0" encoding="UTF-8"?>
<!-- Generated by org.testng.reporters.JUnitXMLReporter -->
<testsuite ignored="0" hostname="ashudeep-VivoBook-ASUSLaptop-X412DA-X412DA" failures="0" tests="2" name="testopenaccount" time="1.401" errors="0" timestamp="2020-05-11T22:55:34 IST">
  <testcase classname="com.w2a.testcases.OpenAccount" name="openaccounttest" time="0.039">
    <skipped/>
  </testcase> <!-- openaccounttest -->
  <testcase classname="com.w2a.testcases.OpenAccount" name="openaccounttest" time="1.231"/>
</testsuite> <!-- testopenaccount -->
