<?xml version="1.0" encoding="UTF-8"?>
<!-- Generated by org.testng.reporters.JUnitXMLReporter -->
<testsuite ignored="0" hostname="ashudeep-VivoBook-ASUSLaptop-X412DA-X412DA" failures="0" tests="3" name="testaddcustomer" time="2.308" errors="0" timestamp="2020-05-24T11:59:55 IST">
  <testcase classname="com.w2a.testcases.AddCustomerTest" name="addcustomertest" time="1.191"/>
  <testcase classname="com.w2a.testcases.AddCustomerTest" name="addcustomertest" time="0.009">
    <skipped/>
  </testcase> <!-- addcustomertest -->
  <testcase classname="com.w2a.testcases.AddCustomerTest" name="addcustomertest" time="0.434"/>
</testsuite> <!-- testaddcustomer -->
